
Xvnc TigerVNC 1.8.0 - built Nov  2 2018 19:05:14
Copyright (C) 1999-2017 TigerVNC Team and many others (see README.txt)
See http://www.tigervnc.org for information on TigerVNC.
Underlying X server release 12001000, The X.Org Foundation


Sun Apr 14 10:09:23 2019
 vncext:      VNC extension running!
 vncext:      Listening for VNC connections on all interface(s), port 5901
 vncext:      created VNC server for screen 0
xrdb: No such file or directory
xrdb: can't open file '/home/terwer/.Xresources'
/usr/bin/startxfce4: X server already running on display :1
generating cookie with syscall
generating cookie with syscall
generating cookie with syscall
generating cookie with syscall

(xfce4-session:155): xfce4-session-WARNING **: 10:09:26.875: xfsm_manager_load_session: Something wrong with /home/terwer/.cache/sessions/xfce4-session-610d84f37881:1, Does it exist? Permissions issue?

(xfwm4:169): xfwm4-WARNING **: 10:09:27.004: Error opening /dev/dri/card0: No such file or directory

** (xfce-polkit:183): CRITICAL **: 10:09:27.076: polkit_agent_listener_register_with_options: assertion 'POLKIT_IS_SUBJECT (subject)' failed

** (xfce4-session:155): CRITICAL **: 10:09:27.312: polkit_authority_check_authorization_sync: assertion 'POLKIT_IS_AUTHORITY (authority)' failed

(xfce4-session:155): GLib-CRITICAL **: 10:09:27.312: g_propagate_error: assertion 'src != NULL' failed

** (xfce4-session:155): CRITICAL **: 10:09:27.313: polkit_authority_check_authorization_sync: assertion 'POLKIT_IS_AUTHORITY (authority)' failed

(xfce4-session:155): GLib-CRITICAL **: 10:09:27.313: g_propagate_error: assertion 'src != NULL' failed

** (xfce4-session:155): CRITICAL **: 10:09:27.314: polkit_authority_check_authorization_sync: assertion 'POLKIT_IS_AUTHORITY (authority)' failed

(xfce4-session:155): GLib-CRITICAL **: 10:09:27.314: g_propagate_error: assertion 'src != NULL' failed

(xfce4-session:155): xfce4-session-WARNING **: 10:09:27.317: failed to run script: Failed to execute child process “/usr/bin/pm-is-supported” (No such file or directory)

** (xfce4-session:155): CRITICAL **: 10:09:27.319: polkit_authority_check_authorization_sync: assertion 'POLKIT_IS_AUTHORITY (authority)' failed

(xfce4-session:155): GLib-CRITICAL **: 10:09:27.319: g_propagate_error: assertion 'src != NULL' failed

(xfce4-session:155): xfce4-session-WARNING **: 10:09:27.336: failed to run script: Failed to execute child process “/usr/bin/pm-is-supported” (No such file or directory)

Sun Apr 14 10:09:31 2019
 Connections: accepted: 172.18.0.1::42184
 SConnection: Client needs protocol version 3.8
 SConnection: Client requests security type VeNCrypt(19)
 SVeNCrypt:   Client requests security type TLSVnc (258)

Sun Apr 14 10:09:36 2019
 VNCSConnST:  Server default pixel format depth 24 (32bpp) little-endian rgb888
 VNCSConnST:  Client pixel format depth 24 (32bpp) little-endian rgb888

(xfce-polkit:183): GLib-GObject-CRITICAL **: 10:09:37.491: g_object_unref: assertion 'G_IS_OBJECT (object)' failed

Sun Apr 14 10:09:41 2019
 ComparingUpdateTracker: 22.8065 Mpixels in / 1.18784 Mpixels out
 ComparingUpdateTracker: (1:19.2 ratio)
xfce4-session: Fatal IO error 11 (Resource temporarily unavailable) on X server :1.
xfwm4: Fatal IO error 11 (Resource temporarily unavailable) on X server :1.0.

(xfsettingsd:173): libxfce4ui-WARNING **: 10:44:22.190: ICE I/O Error

(xfsettingsd:173): libxfce4ui-WARNING **: 10:44:22.190: Disconnected from session manager.
xfsettingsd: Fatal IO error 11 (Resource temporarily unavailable) on X server :1.0.
xfce4-panel: Fatal IO error 11 (Resource temporarily unavailable) on X server :1.0.
xfdesktop: Fatal IO error 11 (Resource temporarily unavailable) on X server :1.0.
wrapper-1.0: Fatal IO error 11 (Resource temporarily unavailable) on X server :1.0.
wrapper-1.0: Fatal IO error 11 (Resource temporarily unavailable) on X server :1.0.
