
Xvnc TigerVNC 1.8.0 - built Nov  2 2018 19:05:14
Copyright (C) 1999-2017 TigerVNC Team and many others (see README.txt)
See http://www.tigervnc.org for information on TigerVNC.
Underlying X server release 12001000, The X.Org Foundation


Wed May 18 21:00:50 2022
 vncext:      VNC extension running!
 vncext:      Listening for VNC connections on all interface(s), port 5901
 vncext:      created VNC server for screen 0
xrdb: No such file or directory
xrdb: can't open file '/home/terwer/.Xresources'
/bin/startxfce4: X server already running on display :1
generating cookie with syscall
generating cookie with syscall
generating cookie with syscall
generating cookie with syscall

(xfce4-session:132): xfce4-session-WARNING **: 21:00:53.696: xfsm_manager_load_session: Something wrong with /home/terwer/.cache/sessions/xfce4-session-9cbb5940c72a:1, Does it exist? Permissions issue?

** (xfce-polkit:160): CRITICAL **: 21:00:53.781: polkit_agent_listener_register_with_options: assertion 'POLKIT_IS_SUBJECT (subject)' failed

(xfwm4:146): xfwm4-WARNING **: 21:00:53.840: Error opening /dev/dri/card0: No such file or directory

** (xfce4-session:132): CRITICAL **: 21:00:53.911: polkit_authority_check_authorization_sync: assertion 'POLKIT_IS_AUTHORITY (authority)' failed

(xfce4-session:132): GLib-CRITICAL **: 21:00:53.912: g_propagate_error: assertion 'src != NULL' failed

** (xfce4-session:132): CRITICAL **: 21:00:53.912: polkit_authority_check_authorization_sync: assertion 'POLKIT_IS_AUTHORITY (authority)' failed

(xfce4-session:132): GLib-CRITICAL **: 21:00:53.912: g_propagate_error: assertion 'src != NULL' failed

** (xfce4-session:132): CRITICAL **: 21:00:53.913: polkit_authority_check_authorization_sync: assertion 'POLKIT_IS_AUTHORITY (authority)' failed

(xfce4-session:132): GLib-CRITICAL **: 21:00:53.913: g_propagate_error: assertion 'src != NULL' failed

(xfce4-session:132): xfce4-session-WARNING **: 21:00:53.914: failed to run script: Failed to execute child process “/usr/bin/pm-is-supported” (No such file or directory)

** (xfce4-session:132): CRITICAL **: 21:00:53.915: polkit_authority_check_authorization_sync: assertion 'POLKIT_IS_AUTHORITY (authority)' failed

(xfce4-session:132): GLib-CRITICAL **: 21:00:53.915: g_propagate_error: assertion 'src != NULL' failed

(xfce4-session:132): xfce4-session-WARNING **: 21:00:53.916: failed to run script: Failed to execute child process “/usr/bin/pm-is-supported” (No such file or directory)

Wed May 18 21:00:57 2022
 Connections: accepted: 172.20.0.1::46810
 SConnection: Client needs protocol version 3.8
 SConnection: Client requests security type VeNCrypt(19)
 SVeNCrypt:   Client requests security type TLSVnc (258)

Wed May 18 21:01:00 2022
 Connections: accepted: 172.20.0.1::46814
 SConnection: Client needs protocol version 3.8
 SConnection: Client requests security type VeNCrypt(19)
 SVeNCrypt:   Client requests security type TLSVnc (258)

Wed May 18 21:01:05 2022
 VNCSConnST:  Server default pixel format depth 24 (32bpp) little-endian rgb888
 Connections: closed: 172.20.0.1::46810 (Non-shared connection requested)
 EncodeManager: Framebuffer updates: 0
 EncodeManager:   Total: 0 rects, 0 pixels
 EncodeManager:          0 B (1:-nan ratio)
 TLS:         TLS session wasn't terminated gracefully
 ComparingUpdateTracker: 0 pixels in / 0 pixels out
 ComparingUpdateTracker: (1:-nan ratio)

(xfce-polkit:160): GLib-GObject-CRITICAL **: 21:01:06.689: g_object_unref: assertion 'G_IS_OBJECT (object)' failed
