
Xvnc TigerVNC 1.8.0 - built Nov  2 2018 19:05:14
Copyright (C) 1999-2017 TigerVNC Team and many others (see README.txt)
See http://www.tigervnc.org for information on TigerVNC.
Underlying X server release 12001000, The X.Org Foundation


Thu May 19 12:38:13 2022
 vncext:      VNC extension running!
 vncext:      Listening for VNC connections on all interface(s), port 5901
 vncext:      created VNC server for screen 0
xrdb: No such file or directory
xrdb: can't open file '/home/terwer/.Xresources'
/usr/bin/startxfce4: X server already running on display :1
generating cookie with syscall
generating cookie with syscall
generating cookie with syscall
generating cookie with syscall

(xfce4-session:56): xfce4-session-WARNING **: 12:38:16.600: xfsm_manager_load_session: Something wrong with /home/terwer/.cache/sessions/xfce4-session-ffe246c1628a:1, Does it exist? Permissions issue?

** (xfce-polkit:106): CRITICAL **: 12:38:16.624: polkit_agent_listener_register_with_options: assertion 'POLKIT_IS_SUBJECT (subject)' failed

(xfwm4:93): xfwm4-WARNING **: 12:38:16.688: Error opening /dev/dri/card0: No such file or directory

** (xfce4-session:56): CRITICAL **: 12:38:16.754: polkit_authority_check_authorization_sync: assertion 'POLKIT_IS_AUTHORITY (authority)' failed

(xfce4-session:56): GLib-CRITICAL **: 12:38:16.754: g_propagate_error: assertion 'src != NULL' failed

** (xfce4-session:56): CRITICAL **: 12:38:16.755: polkit_authority_check_authorization_sync: assertion 'POLKIT_IS_AUTHORITY (authority)' failed

(xfce4-session:56): GLib-CRITICAL **: 12:38:16.755: g_propagate_error: assertion 'src != NULL' failed

** (xfce4-session:56): CRITICAL **: 12:38:16.755: polkit_authority_check_authorization_sync: assertion 'POLKIT_IS_AUTHORITY (authority)' failed

(xfce4-session:56): GLib-CRITICAL **: 12:38:16.755: g_propagate_error: assertion 'src != NULL' failed

(xfce4-session:56): xfce4-session-WARNING **: 12:38:16.756: failed to run script: Failed to execute child process ?/usr/bin/pm-is-supported? (No such file or directory)

** (xfce4-session:56): CRITICAL **: 12:38:16.757: polkit_authority_check_authorization_sync: assertion 'POLKIT_IS_AUTHORITY (authority)' failed

(xfce4-session:56): GLib-CRITICAL **: 12:38:16.757: g_propagate_error: assertion 'src != NULL' failed

(xfce4-session:56): xfce4-session-WARNING **: 12:38:16.758: failed to run script: Failed to execute child process ?/usr/bin/pm-is-supported? (No such file or directory)

Thu May 19 12:38:38 2022
 Connections: accepted: 172.24.0.1::47782
 SConnection: Client needs protocol version 3.8
 SConnection: Client requests security type VeNCrypt(19)
 SVeNCrypt:   Client requests security type TLSVnc (258)

Thu May 19 12:38:42 2022
 VNCSConnST:  Server default pixel format depth 24 (32bpp) little-endian rgb888

(xfce-polkit:106): GLib-GObject-CRITICAL **: 12:38:52.363: g_object_unref: assertion 'G_IS_OBJECT (object)' failed

Thu May 19 12:38:54 2022
 ComparingUpdateTracker: 18.0879 Mpixels in / 348.16 kpixels out
 ComparingUpdateTracker: (1:51.9529 ratio)

Thu May 19 12:46:24 2022
 ComparingUpdateTracker: 345.575 Mpixels in / 10.028 Mpixels out
 ComparingUpdateTracker: (1:34.4611 ratio)

(xfwm4:93): xfwm4-WARNING **: 12:46:24.756: output size (1360x768) and logical screen size (1536x889) do not match

Thu May 19 12:46:31 2022
 ComparingUpdateTracker: 19.8451 Mpixels in / 967.68 kpixels out
 ComparingUpdateTracker: (1:20.5079 ratio)

Thu May 19 12:47:31 2022
 Connections: closed: 172.24.0.1::47782 (Clean disconnection)
 EncodeManager: Framebuffer updates: 370
 EncodeManager:   Tight:
 EncodeManager:     Solid: 938 rects, 16.6025 Mpixels
 EncodeManager:            14.6562 KiB (1:4425.72 ratio)
 EncodeManager:     Bitmap RLE: 38 rects, 39.912 kpixels
 EncodeManager:                 1.27051 KiB (1:123.062 ratio)
 EncodeManager:     Indexed RLE: 358 rects, 963.018 kpixels
 EncodeManager:                  79.0645 KiB (1:47.6318 ratio)
 EncodeManager:   Tight (JPEG):
 EncodeManager:     Full Colour: 772 rects, 6.32649 Mpixels
 EncodeManager:                  2.71579 MiB (1:8.88966 ratio)
 EncodeManager:   Total: 2.106 krects, 23.9319 Mpixels
 EncodeManager:          2.80856 MiB (1:32.5139 ratio)
 TLS:         TLS session wasn't terminated gracefully
 ComparingUpdateTracker: 206.194 Mpixels in / 8.02586 Mpixels out
 ComparingUpdateTracker: (1:25.6912 ratio)

Thu May 19 12:47:34 2022
 Connections: accepted: 172.24.0.1::47788
 SConnection: Client needs protocol version 3.8
 SConnection: Client requests security type VeNCrypt(19)
 SVeNCrypt:   Client requests security type TLSVnc (258)

Thu May 19 12:47:39 2022
 Connections: closed: 172.24.0.1::47788 (Clean disconnection)
 EncodeManager: Framebuffer updates: 0
 EncodeManager:   Total: 0 rects, 0 pixels
 EncodeManager:          0 B (1:-nan ratio)
 TLS:         TLS session wasn't terminated gracefully
 ComparingUpdateTracker: 0 pixels in / 0 pixels out
 ComparingUpdateTracker: (1:-nan ratio)

Thu May 19 12:48:39 2022
 Connections: accepted: 172.24.0.1::47792
 SConnection: Client needs protocol version 3.8
 SConnection: Client requests security type VncAuth(2)
 VNCSConnST:  Server default pixel format depth 24 (32bpp) little-endian rgb888
 VNCSConnST:  Client pixel format depth 24 (32bpp) little-endian rgb888

Thu May 19 12:49:10 2022
 ComparingUpdateTracker: 121.53 Mpixels in / 7.09242 Mpixels out
 ComparingUpdateTracker: (1:17.1352 ratio)

Thu May 19 12:49:14 2022
 ComparingUpdateTracker: 36.864 Mpixels in / 1.7449 Mpixels out
 ComparingUpdateTracker: (1:21.1268 ratio)

(xfwm4:93): xfwm4-WARNING **: 12:49:14.257: output size (1536x889) and logical screen size (1920x1200) do not match

Thu May 19 12:49:17 2022
 ComparingUpdateTracker: 19.1171 Mpixels in / 865.664 kpixels out
 ComparingUpdateTracker: (1:22.0837 ratio)

Thu May 19 12:49:24 2022
 ComparingUpdateTracker: 39.168 Mpixels in / 1.75718 Mpixels out
 ComparingUpdateTracker: (1:22.2902 ratio)

(xfwm4:93): xfwm4-WARNING **: 12:49:24.362: output size (1920x1080) and logical screen size (1920x1200) do not match

Thu May 19 12:49:32 2022
 ComparingUpdateTracker: 53.9136 Mpixels in / 1.19296 Mpixels out
 ComparingUpdateTracker: (1:45.1931 ratio)

(xfwm4:93): xfwm4-WARNING **: 12:49:32.700: output size (1400x1050) and logical screen size (1920x1080) do not match

Thu May 19 12:49:37 2022
 ComparingUpdateTracker: 26.46 Mpixels in / 1.39648 Mpixels out
 ComparingUpdateTracker: (1:18.9476 ratio)

Thu May 19 12:50:14 2022
 Connections: closed: 172.24.0.1::47792 (Clean disconnection)
 EncodeManager: Framebuffer updates: 184
 EncodeManager:   RRE:
 EncodeManager:     Solid: 157 rects, 9.29678 Mpixels
 EncodeManager:            3.06641 KiB (1:11843.6 ratio)
 EncodeManager:   Hextile:
 EncodeManager:     Bitmap RLE: 26 rects, 1.62692 Mpixels
 EncodeManager:                 9.24023 KiB (1:687.805 ratio)
 EncodeManager:     Indexed RLE: 86 rects, 4.63634 Mpixels
 EncodeManager:                  262.358 KiB (1:69.0342 ratio)
 EncodeManager:     Full Colour: 346 rects, 14.0401 Mpixels
 EncodeManager:                  7.95889 MiB (1:6.72992 ratio)
 EncodeManager:   Total: 615 rects, 29.6002 Mpixels
 EncodeManager:          8.22712 MiB (1:13.7257 ratio)
 ComparingUpdateTracker: 22.8096 Mpixels in / 1.78381 Mpixels out
 ComparingUpdateTracker: (1:12.787 ratio)

Thu May 19 12:50:16 2022
 Connections: accepted: 172.24.0.1::47796
 SConnection: Client needs protocol version 3.8
 SConnection: Client requests security type VncAuth(2)
 VNCSConnST:  Server default pixel format depth 24 (32bpp) little-endian rgb888
 VNCSConnST:  Client pixel format depth 24 (32bpp) little-endian rgb888

Thu May 19 12:50:48 2022
 Connections: closed: 172.24.0.1::47796 (Clean disconnection)
 EncodeManager: Framebuffer updates: 81
 EncodeManager:   RRE:
 EncodeManager:     Solid: 71 rects, 4.54144 Mpixels
 EncodeManager:            1.38672 KiB (1:12793.4 ratio)
 EncodeManager:   Hextile:
 EncodeManager:     Indexed RLE: 52 rects, 3.12333 Mpixels
 EncodeManager:                  66.0596 KiB (1:184.699 ratio)
 EncodeManager:     Full Colour: 146 rects, 4.88845 Mpixels
 EncodeManager:                  1.73612 MiB (1:10.7421 ratio)
 EncodeManager:   Total: 269 rects, 12.5532 Mpixels
 EncodeManager:          1.80199 MiB (1:26.5761 ratio)
 ComparingUpdateTracker: 174.182 Mpixels in / 10.5042 Mpixels out
 ComparingUpdateTracker: (1:16.5822 ratio)

Thu May 19 12:50:54 2022
 Connections: accepted: 172.24.0.1::47800
 SConnection: Client needs protocol version 3.8
 SConnection: Client requests security type VeNCrypt(19)
 SVeNCrypt:   Client requests security type TLSVnc (258)

Thu May 19 12:50:58 2022
 VNCSConnST:  Server default pixel format depth 24 (32bpp) little-endian rgb888
 ComparingUpdateTracker: 0 pixels in / 0 pixels out
 ComparingUpdateTracker: (1:-nan ratio)

Thu May 19 12:51:01 2022
 ComparingUpdateTracker: 10.144 Mpixels in / 765.056 kpixels out
 ComparingUpdateTracker: (1:13.2591 ratio)

Thu May 19 12:51:18 2022
 ComparingUpdateTracker: 81.9302 Mpixels in / 3.92998 Mpixels out
 ComparingUpdateTracker: (1:20.8475 ratio)

Thu May 19 12:51:26 2022
 ComparingUpdateTracker: 36.864 Mpixels in / 2.30195 Mpixels out
 ComparingUpdateTracker: (1:16.0142 ratio)

(xfwm4:93): xfwm4-WARNING **: 12:51:26.916: output size (1536x889) and logical screen size (1920x1200) do not match

Thu May 19 12:51:43 2022
 Connections: closed: 172.24.0.1::47800 (Clean disconnection)
 EncodeManager: Framebuffer updates: 174
 EncodeManager:   Tight:
 EncodeManager:     Solid: 365 rects, 12.2839 Mpixels
 EncodeManager:            5.70312 KiB (1:8414.36 ratio)
 EncodeManager:     Bitmap RLE: 10 rects, 4.3 kpixels
 EncodeManager:                 327 B (1:52.9664 ratio)
 EncodeManager:     Indexed RLE: 297 rects, 2.99925 Mpixels
 EncodeManager:                  76.2568 KiB (1:153.682 ratio)
 EncodeManager:   Tight (JPEG):
 EncodeManager:     Full Colour: 384 rects, 5.74438 Mpixels
 EncodeManager:                  1.54391 MiB (1:14.1961 ratio)
 EncodeManager:   Total: 1.056 krects, 21.0318 Mpixels
 EncodeManager:          1.62426 MiB (1:49.4023 ratio)
 TLS:         TLS session wasn't terminated gracefully
 ComparingUpdateTracker: 185.758 Mpixels in / 5.47706 Mpixels out
 ComparingUpdateTracker: (1:33.9156 ratio)

Thu May 19 12:51:47 2022
 Connections: accepted: 172.24.0.1::47804
 SConnection: Client needs protocol version 3.8
 SConnection: Client requests security type VeNCrypt(19)
 SVeNCrypt:   Client requests security type TLSVnc (258)

Thu May 19 12:51:52 2022
 VNCSConnST:  Server default pixel format depth 24 (32bpp) little-endian rgb888

Thu May 19 12:51:59 2022
 Connections: closed: 172.24.0.1::47804 (Clean disconnection)
 EncodeManager: Framebuffer updates: 10
 EncodeManager:   Tight:
 EncodeManager:     Solid: 24 rects, 1.72771 Mpixels
 EncodeManager:            384 B (1:17997.7 ratio)
 EncodeManager:     Bitmap RLE: 4 rects, 2.169 kpixels
 EncodeManager:                 134 B (1:65.1045 ratio)
 EncodeManager:     Indexed RLE: 30 rects, 504.188 kpixels
 EncodeManager:                  7.8418 KiB (1:251.197 ratio)
 EncodeManager:   Tight (JPEG):
 EncodeManager:     Full Colour: 21 rects, 457.628 kpixels
 EncodeManager:                  92.8535 KiB (1:19.2546 ratio)
 EncodeManager:   Total: 79 rects, 2.69169 Mpixels
 EncodeManager:          101.201 KiB (1:103.905 ratio)
 TLS:         TLS session wasn't terminated gracefully
 ComparingUpdateTracker: 61.4477 Mpixels in / 1.32589 Mpixels out
 ComparingUpdateTracker: (1:46.3445 ratio)
